<?xml version="1.0" encoding="utf-8"?><testsuites><testsuite name="pytest" errors="0" failures="0" skipped="91" tests="305" time="22.857" timestamp="2024-12-06T19:33:46.331737+08:00" hostname="ZiHans-MacBook-Pro.local"><testcase classname="" name="tests.arrays.masked.test_arrow_compat" time="0.000"><skipped message="collection skipped">('/Users/qian10102/PycharmProjects/PythonProject/.venv/lib/python3.11/site-packages/pandas/tests/arrays/masked/test_arrow_compat.py', 11, "Skipped: could not import 'pyarrow': No module named 'pyarrow'")</skipped></testcase><testcase classname="" name="tests.arrays.period.test_arrow_compat" time="0.000"><skipped message="collection skipped">('/Users/qian10102/PycharmProjects/PythonProject/.venv/lib/python3.11/site-packages/pandas/tests/arrays/period/test_arrow_compat.py', 19, "Skipped: could not import 'pyarrow': No module named 'pyarrow'")</skipped></testcase><testcase classname="" name="tests.extension.test_arrow" time="0.000"><skipped message="collection skipped">('/Users/qian10102/PycharmProjects/PythonProject/.venv/lib/python3.11/site-packages/pandas/tests/extension/test_arrow.py', 65, "Skipped: could not import 'pyarrow': No module named 'pyarrow'")</skipped></testcase><testcase classname="" name="tests.frame.test_arrow_interface" time="0.000"><skipped message="collection skipped">('/Users/qian10102/PycharmProjects/PythonProject/.venv/lib/python3.11/site-packages/pandas/tests/frame/test_arrow_interface.py', 9, "Skipped: could not import 'pyarrow': No module named 'pyarrow'")</skipped></testcase><testcase classname="" name="tests.generic.test_to_xarray" time="0.000"><skipped message="collection skipped">('/Users/qian10102/PycharmProjects/PythonProject/.venv/lib/python3.11/site-packages/pandas/tests/generic/test_to_xarray.py', 13, "Skipped: could not import 'xarray': No module named 'xarray'")</skipped></testcase><testcase classname="" name="tests.groupby.test_numba" time="0.000"><skipped message="collection skipped">('/Users/qian10102/PycharmProjects/PythonProject/.venv/lib/python3.11/site-packages/pandas/tests/groupby/test_numba.py', 12, "Skipped: could not import 'numba': No module named 'numba'")</skipped></testcase><testcase classname="" name="tests.io.excel.test_odf" time="0.000"><skipped message="collection skipped">('/Users/qian10102/PycharmProjects/PythonProject/.venv/lib/python3.11/site-packages/pandas/tests/io/excel/test_odf.py', 11, "Skipped: could not import 'odf': No module named 'odf'")</skipped></testcase><testcase classname="" name="tests.io.excel.test_odswriter" time="0.000"><skipped message="collection skipped">('/Users/qian10102/PycharmProjects/PythonProject/.venv/lib/python3.11/site-packages/pandas/tests/io/excel/test_odswriter.py', 16, "Skipped: could not import 'odf': No module named 'odf'")</skipped></testcase><testcase classname="" name="tests.io.excel.test_style" time="0.000"><skipped message="collection skipped">('/Users/qian10102/PycharmProjects/PythonProject/.venv/lib/python3.11/site-packages/pandas/tests/io/excel/test_style.py', 19, "Skipped: could not import 'jinja2': No module named 'jinja2'")</skipped></testcase><testcase classname="" name="tests.io.excel.test_xlrd" time="0.000"><skipped message="collection skipped">('/Users/qian10102/PycharmProjects/PythonProject/.venv/lib/python3.11/site-packages/pandas/tests/io/excel/test_xlrd.py', 14, "Skipped: could not import 'xlrd': No module named 'xlrd'")</skipped></testcase><testcase classname="" name="tests.io.excel.test_xlsxwriter" time="0.000"><skipped message="collection skipped">('/Users/qian10102/PycharmProjects/PythonProject/.venv/lib/python3.11/site-packages/pandas/tests/io/excel/test_xlsxwriter.py', 12, "Skipped: could not import 'xlsxwriter': No module named 'xlsxwriter'")</skipped></testcase><testcase classname="" name="tests.io.formats.style.test_bar" time="0.000"><skipped message="collection skipped">('/Users/qian10102/PycharmProjects/PythonProject/.venv/lib/python3.11/site-packages/pandas/tests/io/formats/style/test_bar.py', 12, "Skipped: could not import 'jinja2': No module named 'jinja2'")</skipped></testcase><testcase classname="" name="tests.io.formats.style.test_exceptions" time="0.000"><skipped message="collection skipped">('/Users/qian10102/PycharmProjects/PythonProject/.venv/lib/python3.11/site-packages/pandas/tests/io/formats/style/test_exceptions.py', 3, "Skipped: could not import 'jinja2': No module named 'jinja2'")</skipped></testcase><testcase classname="" name="tests.io.formats.style.test_format" time="0.000"><skipped message="collection skipped">('/Users/qian10102/PycharmProjects/PythonProject/.venv/lib/python3.11/site-packages/pandas/tests/io/formats/style/test_format.py', 14, "Skipped: could not import 'jinja2': No module named 'jinja2'")</skipped></testcase><testcase classname="" name="tests.io.formats.style.test_highlight" time="0.000"><skipped message="collection skipped">('/Users/qian10102/PycharmProjects/PythonProject/.venv/lib/python3.11/site-packages/pandas/tests/io/formats/style/test_highlight.py', 10, "Skipped: could not import 'jinja2': No module named 'jinja2'")</skipped></testcase><testcase classname="" name="tests.io.formats.style.test_html" time="0.000"><skipped message="collection skipped">('/Users/qian10102/PycharmProjects/PythonProject/.venv/lib/python3.11/site-packages/pandas/tests/io/formats/style/test_html.py', 15, "Skipped: could not import 'jinja2': No module named 'jinja2'")</skipped></testcase><testcase classname="" name="tests.io.formats.style.test_matplotlib" time="0.000"><skipped message="collection skipped">('/Users/qian10102/PycharmProjects/PythonProject/.venv/lib/python3.11/site-packages/pandas/tests/io/formats/style/test_matplotlib.py', 13, "Skipped: could not import 'jinja2': No module named 'jinja2'")</skipped></testcase><testcase classname="" name="tests.io.formats.style.test_non_unique" time="0.000"><skipped message="collection skipped">('/Users/qian10102/PycharmProjects/PythonProject/.venv/lib/python3.11/site-packages/pandas/tests/io/formats/style/test_non_unique.py', 10, "Skipped: could not import 'jinja2': No module named 'jinja2'")</skipped></testcase><testcase classname="" name="tests.io.formats.style.test_style" time="0.000"><skipped message="collection skipped">('/Users/qian10102/PycharmProjects/PythonProject/.venv/lib/python3.11/site-packages/pandas/tests/io/formats/style/test_style.py', 18, "Skipped: could not import 'jinja2': No module named 'jinja2'")</skipped></testcase><testcase classname="" name="tests.io.formats.style.test_to_latex" time="0.000"><skipped message="collection skipped">('/Users/qian10102/PycharmProjects/PythonProject/.venv/lib/python3.11/site-packages/pandas/tests/io/formats/style/test_to_latex.py', 13, "Skipped: could not import 'jinja2': No module named 'jinja2'")</skipped></testcase><testcase classname="" name="tests.io.formats.style.test_to_string" time="0.000"><skipped message="collection skipped">('/Users/qian10102/PycharmProjects/PythonProject/.venv/lib/python3.11/site-packages/pandas/tests/io/formats/style/test_to_string.py', 10, "Skipped: could not import 'jinja2': No module named 'jinja2'")</skipped></testcase><testcase classname="" name="tests.io.formats.style.test_tooltip" time="0.000"><skipped message="collection skipped">('/Users/qian10102/PycharmProjects/PythonProject/.venv/lib/python3.11/site-packages/pandas/tests/io/formats/style/test_tooltip.py', 6, "Skipped: could not import 'jinja2': No module named 'jinja2'")</skipped></testcase><testcase classname="" name="tests.io.formats.test_to_latex" time="0.000"><skipped message="collection skipped">('/Users/qian10102/PycharmProjects/PythonProject/.venv/lib/python3.11/site-packages/pandas/tests/io/formats/test_to_latex.py', 14, "Skipped: could not import 'jinja2': No module named 'jinja2'")</skipped></testcase><testcase classname="" name="tests.io.formats.test_to_markdown" time="0.000"><skipped message="collection skipped">('/Users/qian10102/PycharmProjects/PythonProject/.venv/lib/python3.11/site-packages/pandas/tests/io/formats/test_to_markdown.py', 11, "Skipped: could not import 'tabulate': No module named 'tabulate'")</skipped></testcase><testcase classname="" name="tests.io.pytables.test_append" time="0.000"><skipped message="collection skipped">('/Users/qian10102/PycharmProjects/PythonProject/.venv/lib/python3.11/site-packages/pandas/tests/io/pytables/common.py', 10, "Skipped: could not import 'tables': No module named 'tables'")</skipped></testcase><testcase classname="" name="tests.io.pytables.test_categorical" time="0.000"><skipped message="collection skipped">('/Users/qian10102/PycharmProjects/PythonProject/.venv/lib/python3.11/site-packages/pandas/tests/io/pytables/common.py', 10, "Skipped: could not import 'tables': No module named 'tables'")</skipped></testcase><testcase classname="" name="tests.io.pytables.test_compat" time="0.000"><skipped message="collection skipped">('/Users/qian10102/PycharmProjects/PythonProject/.venv/lib/python3.11/site-packages/pandas/tests/io/pytables/test_compat.py', 6, "Skipped: could not import 'tables': No module named 'tables'")</skipped></testcase><testcase classname="" name="tests.io.pytables.test_complex" time="0.000"><skipped message="collection skipped">('/Users/qian10102/PycharmProjects/PythonProject/.venv/lib/python3.11/site-packages/pandas/tests/io/pytables/common.py', 10, "Skipped: could not import 'tables': No module named 'tables'")</skipped></testcase><testcase classname="" name="tests.io.pytables.test_errors" time="0.000"><skipped message="collection skipped">('/Users/qian10102/PycharmProjects/PythonProject/.venv/lib/python3.11/site-packages/pandas/tests/io/pytables/common.py', 10, "Skipped: could not import 'tables': No module named 'tables'")</skipped></testcase><testcase classname="" name="tests.io.pytables.test_file_handling" time="0.000"><skipped message="collection skipped">('/Users/qian10102/PycharmProjects/PythonProject/.venv/lib/python3.11/site-packages/pandas/tests/io/pytables/common.py', 10, "Skipped: could not import 'tables': No module named 'tables'")</skipped></testcase><testcase classname="" name="tests.io.pytables.test_keys" time="0.000"><skipped message="collection skipped">('/Users/qian10102/PycharmProjects/PythonProject/.venv/lib/python3.11/site-packages/pandas/tests/io/pytables/common.py', 10, "Skipped: could not import 'tables': No module named 'tables'")</skipped></testcase><testcase classname="" name="tests.io.pytables.test_put" time="0.000"><skipped message="collection skipped">('/Users/qian10102/PycharmProjects/PythonProject/.venv/lib/python3.11/site-packages/pandas/tests/io/pytables/common.py', 10, "Skipped: could not import 'tables': No module named 'tables'")</skipped></testcase><testcase classname="" name="tests.io.pytables.test_read" time="0.000"><skipped message="collection skipped">('/Users/qian10102/PycharmProjects/PythonProject/.venv/lib/python3.11/site-packages/pandas/tests/io/pytables/common.py', 10, "Skipped: could not import 'tables': No module named 'tables'")</skipped></testcase><testcase classname="" name="tests.io.pytables.test_retain_attributes" time="0.000"><skipped message="collection skipped">('/Users/qian10102/PycharmProjects/PythonProject/.venv/lib/python3.11/site-packages/pandas/tests/io/pytables/common.py', 10, "Skipped: could not import 'tables': No module named 'tables'")</skipped></testcase><testcase classname="" name="tests.io.pytables.test_round_trip" time="0.000"><skipped message="collection skipped">('/Users/qian10102/PycharmProjects/PythonProject/.venv/lib/python3.11/site-packages/pandas/tests/io/pytables/common.py', 10, "Skipped: could not import 'tables': No module named 'tables'")</skipped></testcase><testcase classname="" name="tests.io.pytables.test_select" time="0.000"><skipped message="collection skipped">('/Users/qian10102/PycharmProjects/PythonProject/.venv/lib/python3.11/site-packages/pandas/tests/io/pytables/common.py', 10, "Skipped: could not import 'tables': No module named 'tables'")</skipped></testcase><testcase classname="" name="tests.io.pytables.test_store" time="0.000"><skipped message="collection skipped">('/Users/qian10102/PycharmProjects/PythonProject/.venv/lib/python3.11/site-packages/pandas/tests/io/pytables/common.py', 10, "Skipped: could not import 'tables': No module named 'tables'")</skipped></testcase><testcase classname="" name="tests.io.pytables.test_subclass" time="0.000"><skipped message="collection skipped">('/Users/qian10102/PycharmProjects/PythonProject/.venv/lib/python3.11/site-packages/pandas/tests/io/pytables/test_subclass.py', 15, "Skipped: could not import 'tables': No module named 'tables'")</skipped></testcase><testcase classname="" name="tests.io.pytables.test_time_series" time="0.000"><skipped message="collection skipped">('/Users/qian10102/PycharmProjects/PythonProject/.venv/lib/python3.11/site-packages/pandas/tests/io/pytables/common.py', 10, "Skipped: could not import 'tables': No module named 'tables'")</skipped></testcase><testcase classname="" name="tests.io.pytables.test_timezones" time="0.000"><skipped message="collection skipped">('/Users/qian10102/PycharmProjects/PythonProject/.venv/lib/python3.11/site-packages/pandas/tests/io/pytables/common.py', 10, "Skipped: could not import 'tables': No module named 'tables'")</skipped></testcase><testcase classname="" name="tests.io.test_feather" time="0.000"><skipped message="collection skipped">('/Users/qian10102/PycharmProjects/PythonProject/.venv/lib/python3.11/site-packages/pandas/tests/io/test_feather.py', 18, "Skipped: could not import 'pyarrow': No module named 'pyarrow'")</skipped></testcase><testcase classname="" name="tests.io.test_orc" time="0.000"><skipped message="collection skipped">('/Users/qian10102/PycharmProjects/PythonProject/.venv/lib/python3.11/site-packages/pandas/tests/io/test_orc.py', 16, "Skipped: could not import 'pyarrow.orc': No module named 'pyarrow'")</skipped></testcase><testcase classname="" name="tests.io.test_spss" time="0.000"><skipped message="collection skipped">('/Users/qian10102/PycharmProjects/PythonProject/.venv/lib/python3.11/site-packages/pandas/tests/io/test_spss.py', 11, "Skipped: could not import 'pyreadstat': No module named 'pyreadstat'")</skipped></testcase><testcase classname="" name="tests.series.accessors.test_list_accessor" time="0.000"><skipped message="collection skipped">('/Users/qian10102/PycharmProjects/PythonProject/.venv/lib/python3.11/site-packages/pandas/tests/series/accessors/test_list_accessor.py', 11, "Skipped: could not import 'pyarrow': No module named 'pyarrow'")</skipped></testcase><testcase classname="" name="tests.series.accessors.test_struct_accessor" time="0.000"><skipped message="collection skipped">('/Users/qian10102/PycharmProjects/PythonProject/.venv/lib/python3.11/site-packages/pandas/tests/series/accessors/test_struct_accessor.py', 18, "Skipped: could not import 'pyarrow': No module named 'pyarrow'")</skipped></testcase><testcase classname="" name="tests.window.test_online" time="0.000"><skipped message="collection skipped">('/Users/qian10102/PycharmProjects/PythonProject/.venv/lib/python3.11/site-packages/pandas/tests/window/test_online.py', 12, "Skipped: could not import 'numba': No module named 'numba'")</skipped></testcase><testcase classname="tests.api.test_api.TestPDApi" name="test_api" time="0.001" /><testcase classname="tests.api.test_api.TestPDApi" name="test_api_all" time="0.000" /><testcase classname="tests.api.test_api.TestPDApi" name="test_depr" time="0.000" /><testcase classname="tests.api.test_api.TestApi" name="test_api" time="0.000" /><testcase classname="tests.api.test_api.TestApi" name="test_api_typing" time="0.000" /><testcase classname="tests.api.test_api.TestApi" name="test_api_types" time="0.000" /><testcase classname="tests.api.test_api.TestApi" name="test_api_interchange" time="0.000" /><testcase classname="tests.api.test_api.TestApi" name="test_api_indexers" time="0.000" /><testcase classname="tests.api.test_api.TestApi" name="test_api_extensions" time="0.000" /><testcase classname="tests.api.test_api.TestTesting" name="test_testing" time="0.000" /><testcase classname="tests.api.test_api.TestTesting" name="test_util_in_top_level" time="0.000" /><testcase classname="tests.api.test_api" name="test_pandas_array_alias" time="0.000" /><testcase classname="tests.api.test_types.TestTypes" name="test_types" time="0.000" /><testcase classname="tests.api.test_types.TestTypes" name="test_deprecated_from_api_types" time="0.000" /><testcase classname="tests.apply.test_frame_apply" name="test_apply[python]" time="0.001" /><testcase classname="tests.apply.test_frame_apply" name="test_apply[numba]" time="0.000"><skipped type="pytest.skip" message="could not import 'numba': No module named 'numba'">/Users/qian10102/PycharmProjects/PythonProject/.venv/lib/python3.11/site-packages/pandas/tests/apply/test_frame_apply.py:42: could not import 'numba': No module named 'numba'</skipped></testcase><testcase classname="tests.apply.test_frame_apply" name="test_apply_args[python-True-0]" time="0.001" /><testcase classname="tests.apply.test_frame_apply" name="test_apply_args[python-True-1]" time="0.000" /><testcase classname="tests.apply.test_frame_apply" name="test_apply_args[python-False-0]" time="0.001" /><testcase classname="tests.apply.test_frame_apply" name="test_apply_args[python-False-1]" time="0.001" /><testcase classname="tests.apply.test_frame_apply" name="test_apply_args[numba-True-0]" time="0.000"><skipped type="pytest.skip" message="could not import 'numba': No module named 'numba'">/Users/qian10102/PycharmProjects/PythonProject/.venv/lib/python3.11/site-packages/pandas/tests/apply/test_frame_apply.py:64: could not import 'numba': No module named 'numba'</skipped></testcase><testcase classname="tests.apply.test_frame_apply" name="test_apply_args[numba-True-1]" time="0.000"><skipped type="pytest.skip" message="could not import 'numba': No module named 'numba'">/Users/qian10102/PycharmProjects/PythonProject/.venv/lib/python3.11/site-packages/pandas/tests/apply/test_frame_apply.py:64: could not import 'numba': No module named 'numba'</skipped></testcase><testcase classname="tests.apply.test_frame_apply" name="test_apply_args[numba-False-0]" time="0.000"><skipped type="pytest.skip" message="could not import 'numba': No module named 'numba'">/Users/qian10102/PycharmProjects/PythonProject/.venv/lib/python3.11/site-packages/pandas/tests/apply/test_frame_apply.py:64: could not import 'numba': No module named 'numba'</skipped></testcase><testcase classname="tests.apply.test_frame_apply" name="test_apply_args[numba-False-1]" time="0.000"><skipped type="pytest.skip" message="could not import 'numba': No module named 'numba'">/Users/qian10102/PycharmProjects/PythonProject/.venv/lib/python3.11/site-packages/pandas/tests/apply/test_frame_apply.py:64: could not import 'numba': No module named 'numba'</skipped></testcase><testcase classname="tests.apply.test_frame_apply" name="test_apply_categorical_func" time="0.001" /><testcase classname="tests.apply.test_frame_apply" name="test_apply_axis1_with_ea" time="0.000" /><testcase classname="tests.apply.test_frame_apply" name="test_agg_axis1_duplicate_index[1-None]" time="0.000" /><testcase classname="tests.apply.test_frame_apply" name="test_agg_axis1_duplicate_index[1-dtype1]" time="0.001" /><testcase classname="tests.apply.test_frame_apply" name="test_agg_axis1_duplicate_index[data2-None]" time="0.001" /><testcase classname="tests.apply.test_frame_apply" name="test_apply_mixed_datetimelike" time="0.001" /><testcase classname="tests.apply.test_frame_apply" name="test_apply_empty[python-sqrt]" time="0.000" /><testcase classname="tests.apply.test_frame_apply" name="test_apply_empty[python-mean]" time="0.000" /><testcase classname="tests.apply.test_frame_apply" name="test_apply_empty[numba-sqrt]" time="0.000"><skipped type="pytest.skip" message="could not import 'numba': No module named 'numba'">/Users/qian10102/PycharmProjects/PythonProject/.venv/lib/python3.11/site-packages/pandas/tests/apply/test_frame_apply.py:118: could not import 'numba': No module named 'numba'</skipped></testcase><testcase classname="tests.apply.test_frame_apply" name="test_apply_empty[numba-mean]" time="0.000"><skipped type="pytest.skip" message="could not import 'numba': No module named 'numba'">/Users/qian10102/PycharmProjects/PythonProject/.venv/lib/python3.11/site-packages/pandas/tests/apply/test_frame_apply.py:118: could not import 'numba': No module named 'numba'</skipped></testcase><testcase classname="tests.apply.test_frame_apply" name="test_apply_float_frame[python]" time="0.001" /><testcase classname="tests.apply.test_frame_apply" name="test_apply_float_frame[numba]" time="0.000"><skipped type="pytest.skip" message="could not import 'numba': No module named 'numba'">/Users/qian10102/PycharmProjects/PythonProject/.venv/lib/python3.11/site-packages/pandas/tests/apply/test_frame_apply.py:127: could not import 'numba': No module named 'numba'</skipped></testcase><testcase classname="tests.apply.test_frame_apply" name="test_apply_empty_except_index[python]" time="0.000" /><testcase classname="tests.apply.test_frame_apply" name="test_apply_empty_except_index[numba]" time="0.000"><skipped type="pytest.skip" message="could not import 'numba': No module named 'numba'">/Users/qian10102/PycharmProjects/PythonProject/.venv/lib/python3.11/site-packages/pandas/tests/apply/test_frame_apply.py:139: could not import 'numba': No module named 'numba'</skipped></testcase><testcase classname="tests.apply.test_frame_apply" name="test_apply_with_reduce_empty" time="0.001" /><testcase classname="tests.apply.test_frame_apply" name="test_apply_funcs_over_empty[sum]" time="0.001" /><testcase classname="tests.apply.test_frame_apply" name="test_apply_funcs_over_empty[prod]" time="0.001" /><testcase classname="tests.apply.test_frame_apply" name="test_apply_funcs_over_empty[any]" time="0.000" /><testcase classname="tests.apply.test_frame_apply" name="test_apply_funcs_over_empty[all]" time="0.000" /><testcase classname="tests.apply.test_frame_apply" name="test_nunique_empty" time="0.000" /><testcase classname="tests.apply.test_frame_apply" name="test_apply_standard_nonunique" time="0.000" /><testcase classname="tests.apply.test_frame_apply" name="test_apply_broadcast_scalars" time="0.001" /><testcase classname="tests.apply.test_frame_apply" name="test_apply_broadcast_scalars_axis1" time="0.001" /><testcase classname="tests.apply.test_frame_apply" name="test_apply_broadcast_lists_columns" time="0.001" /><testcase classname="tests.apply.test_frame_apply" name="test_apply_broadcast_lists_index" time="0.000" /><testcase classname="tests.apply.test_frame_apply" name="test_apply_broadcast_list_lambda_func" time="0.000" /><testcase classname="tests.apply.test_frame_apply" name="test_apply_broadcast_series_lambda_func" time="0.001" /><testcase classname="tests.apply.test_frame_apply" name="test_apply_raw_float_frame[python-0]" time="0.000" /><testcase classname="tests.apply.test_frame_apply" name="test_apply_raw_float_frame[python-1]" time="0.000" /><testcase classname="tests.apply.test_frame_apply" name="test_apply_raw_float_frame[numba-0]" time="0.000"><skipped type="pytest.skip" message="could not import 'numba': No module named 'numba'">/Users/qian10102/PycharmProjects/PythonProject/.venv/lib/python3.11/site-packages/pandas/tests/apply/test_frame_apply.py:266: could not import 'numba': No module named 'numba'</skipped></testcase><testcase classname="tests.apply.test_frame_apply" name="test_apply_raw_float_frame[numba-1]" time="0.000"><skipped type="pytest.skip" message="could not import 'numba': No module named 'numba'">/Users/qian10102/PycharmProjects/PythonProject/.venv/lib/python3.11/site-packages/pandas/tests/apply/test_frame_apply.py:266: could not import 'numba': No module named 'numba'</skipped></testcase><testcase classname="tests.apply.test_frame_apply" name="test_apply_raw_float_frame_lambda[python-0]" time="0.001" /><testcase classname="tests.apply.test_frame_apply" name="test_apply_raw_float_frame_lambda[python-1]" time="0.000" /><testcase classname="tests.apply.test_frame_apply" name="test_apply_raw_float_frame_lambda[numba-0]" time="0.000"><skipped type="pytest.skip" message="could not import 'numba': No module named 'numba'">/Users/qian10102/PycharmProjects/PythonProject/.venv/lib/python3.11/site-packages/pandas/tests/apply/test_frame_apply.py:278: could not import 'numba': No module named 'numba'</skipped></testcase><testcase classname="tests.apply.test_frame_apply" name="test_apply_raw_float_frame_lambda[numba-1]" time="0.000"><skipped type="pytest.skip" message="could not import 'numba': No module named 'numba'">/Users/qian10102/PycharmProjects/PythonProject/.venv/lib/python3.11/site-packages/pandas/tests/apply/test_frame_apply.py:278: could not import 'numba': No module named 'numba'</skipped></testcase><testcase classname="tests.apply.test_frame_apply" name="test_apply_raw_float_frame_no_reduction[python]" time="0.000" /><testcase classname="tests.apply.test_frame_apply" name="test_apply_raw_float_frame_no_reduction[numba]" time="0.000"><skipped type="pytest.skip" message="could not import 'numba': No module named 'numba'">/Users/qian10102/PycharmProjects/PythonProject/.venv/lib/python3.11/site-packages/pandas/tests/apply/test_frame_apply.py:285: could not import 'numba': No module named 'numba'</skipped></testcase><testcase classname="tests.apply.test_frame_apply" name="test_apply_raw_mixed_type_frame[python-0]" time="0.000" /><testcase classname="tests.apply.test_frame_apply" name="test_apply_raw_mixed_type_frame[python-1]" time="0.000" /><testcase classname="tests.apply.test_frame_apply" name="test_apply_raw_mixed_type_frame[numba-0]" time="0.000"><skipped type="pytest.skip" message="could not import 'numba': No module named 'numba'">/Users/qian10102/PycharmProjects/PythonProject/.venv/lib/python3.11/site-packages/pandas/tests/apply/test_frame_apply.py:292: could not import 'numba': No module named 'numba'</skipped></testcase><testcase classname="tests.apply.test_frame_apply" name="test_apply_raw_mixed_type_frame[numba-1]" time="0.000"><skipped type="pytest.skip" message="could not import 'numba': No module named 'numba'">/Users/qian10102/PycharmProjects/PythonProject/.venv/lib/python3.11/site-packages/pandas/tests/apply/test_frame_apply.py:292: could not import 'numba': No module named 'numba'</skipped></testcase><testcase classname="tests.apply.test_frame_apply" name="test_apply_axis1" time="0.001" /><testcase classname="tests.apply.test_frame_apply" name="test_apply_mixed_dtype_corner" time="0.000" /><testcase classname="tests.apply.test_frame_apply" name="test_apply_mixed_dtype_corner_indexing" time="0.000" /><testcase classname="tests.apply.test_frame_apply" name="test_apply_empty_infer_type[python-0-True-identity-index]" time="0.000" /><testcase classname="tests.apply.test_frame_apply" name="test_apply_empty_infer_type[python-0-True-identity-columns]" time="0.000" /><testcase classname="tests.apply.test_frame_apply" name="test_apply_empty_infer_type[python-0-True-mean-index]" time="0.000" /><testcase classname="tests.apply.test_frame_apply" name="test_apply_empty_infer_type[python-0-True-mean-columns]" time="0.000" /><testcase classname="tests.apply.test_frame_apply" name="test_apply_empty_infer_type[python-0-False-identity-index]" time="0.000" /><testcase classname="tests.apply.test_frame_apply" name="test_apply_empty_infer_type[python-0-False-identity-columns]" time="0.000" /><testcase classname="tests.apply.test_frame_apply" name="test_apply_empty_infer_type[python-0-False-mean-index]" time="0.000" /><testcase classname="tests.apply.test_frame_apply" name="test_apply_empty_infer_type[python-0-False-mean-columns]" time="0.000" /><testcase classname="tests.apply.test_frame_apply" name="test_apply_empty_infer_type[python-1-True-identity-index]" time="0.000" /><testcase classname="tests.apply.test_frame_apply" name="test_apply_empty_infer_type[python-1-True-identity-columns]" time="0.000" /><testcase classname="tests.apply.test_frame_apply" name="test_apply_empty_infer_type[python-1-True-mean-index]" time="0.000" /><testcase classname="tests.apply.test_frame_apply" name="test_apply_empty_infer_type[python-1-True-mean-columns]" time="0.000" /><testcase classname="tests.apply.test_frame_apply" name="test_apply_empty_infer_type[python-1-False-identity-index]" time="0.000" /><testcase classname="tests.apply.test_frame_apply" name="test_apply_empty_infer_type[python-1-False-identity-columns]" time="0.000" /><testcase classname="tests.apply.test_frame_apply" name="test_apply_empty_infer_type[python-1-False-mean-index]" time="0.000" /><testcase classname="tests.apply.test_frame_apply" name="test_apply_empty_infer_type[python-1-False-mean-columns]" time="0.000" /><testcase classname="tests.apply.test_frame_apply" name="test_apply_empty_infer_type[numba-0-True-identity-index]" time="0.000"><skipped type="pytest.skip" message="could not import 'numba': No module named 'numba'">/Users/qian10102/PycharmProjects/PythonProject/.venv/lib/python3.11/site-packages/pandas/tests/apply/test_frame_apply.py:342: could not import 'numba': No module named 'numba'</skipped></testcase><testcase classname="tests.apply.test_frame_apply" name="test_apply_empty_infer_type[numba-0-True-identity-columns]" time="0.000"><skipped type="pytest.skip" message="could not import 'numba': No module named 'numba'">/Users/qian10102/PycharmProjects/PythonProject/.venv/lib/python3.11/site-packages/pandas/tests/apply/test_frame_apply.py:342: could not import 'numba': No module named 'numba'</skipped></testcase><testcase classname="tests.apply.test_frame_apply" name="test_apply_empty_infer_type[numba-0-True-mean-index]" time="0.000"><skipped type="pytest.skip" message="could not import 'numba': No module named 'numba'">/Users/qian10102/PycharmProjects/PythonProject/.venv/lib/python3.11/site-packages/pandas/tests/apply/test_frame_apply.py:342: could not import 'numba': No module named 'numba'</skipped></testcase><testcase classname="tests.apply.test_frame_apply" name="test_apply_empty_infer_type[numba-0-True-mean-columns]" time="0.000"><skipped type="pytest.skip" message="could not import 'numba': No module named 'numba'">/Users/qian10102/PycharmProjects/PythonProject/.venv/lib/python3.11/site-packages/pandas/tests/apply/test_frame_apply.py:342: could not import 'numba': No module named 'numba'</skipped></testcase><testcase classname="tests.apply.test_frame_apply" name="test_apply_empty_infer_type[numba-0-False-identity-index]" time="0.000"><skipped type="pytest.skip" message="could not import 'numba': No module named 'numba'">/Users/qian10102/PycharmProjects/PythonProject/.venv/lib/python3.11/site-packages/pandas/tests/apply/test_frame_apply.py:342: could not import 'numba': No module named 'numba'</skipped></testcase><testcase classname="tests.apply.test_frame_apply" name="test_apply_empty_infer_type[numba-0-False-identity-columns]" time="0.000"><skipped type="pytest.skip" message="could not import 'numba': No module named 'numba'">/Users/qian10102/PycharmProjects/PythonProject/.venv/lib/python3.11/site-packages/pandas/tests/apply/test_frame_apply.py:342: could not import 'numba': No module named 'numba'</skipped></testcase><testcase classname="tests.apply.test_frame_apply" name="test_apply_empty_infer_type[numba-0-False-mean-index]" time="0.000"><skipped type="pytest.skip" message="could not import 'numba': No module named 'numba'">/Users/qian10102/PycharmProjects/PythonProject/.venv/lib/python3.11/site-packages/pandas/tests/apply/test_frame_apply.py:342: could not import 'numba': No module named 'numba'</skipped></testcase><testcase classname="tests.apply.test_frame_apply" name="test_apply_empty_infer_type[numba-0-False-mean-columns]" time="0.000"><skipped type="pytest.skip" message="could not import 'numba': No module named 'numba'">/Users/qian10102/PycharmProjects/PythonProject/.venv/lib/python3.11/site-packages/pandas/tests/apply/test_frame_apply.py:342: could not import 'numba': No module named 'numba'</skipped></testcase><testcase classname="tests.apply.test_frame_apply" name="test_apply_empty_infer_type[numba-1-True-identity-index]" time="0.000"><skipped type="pytest.skip" message="could not import 'numba': No module named 'numba'">/Users/qian10102/PycharmProjects/PythonProject/.venv/lib/python3.11/site-packages/pandas/tests/apply/test_frame_apply.py:342: could not import 'numba': No module named 'numba'</skipped></testcase><testcase classname="tests.apply.test_frame_apply" name="test_apply_empty_infer_type[numba-1-True-identity-columns]" time="0.000"><skipped type="pytest.skip" message="could not import 'numba': No module named 'numba'">/Users/qian10102/PycharmProjects/PythonProject/.venv/lib/python3.11/site-packages/pandas/tests/apply/test_frame_apply.py:342: could not import 'numba': No module named 'numba'</skipped></testcase><testcase classname="tests.apply.test_frame_apply" name="test_apply_empty_infer_type[numba-1-True-mean-index]" time="0.000"><skipped type="pytest.skip" message="could not import 'numba': No module named 'numba'">/Users/qian10102/PycharmProjects/PythonProject/.venv/lib/python3.11/site-packages/pandas/tests/apply/test_frame_apply.py:342: could not import 'numba': No module named 'numba'</skipped></testcase><testcase classname="tests.apply.test_frame_apply" name="test_apply_empty_infer_type[numba-1-True-mean-columns]" time="0.000"><skipped type="pytest.skip" message="could not import 'numba': No module named 'numba'">/Users/qian10102/PycharmProjects/PythonProject/.venv/lib/python3.11/site-packages/pandas/tests/apply/test_frame_apply.py:342: could not import 'numba': No module named 'numba'</skipped></testcase><testcase classname="tests.apply.test_frame_apply" name="test_apply_empty_infer_type[numba-1-False-identity-index]" time="0.000"><skipped type="pytest.skip" message="could not import 'numba': No module named 'numba'">/Users/qian10102/PycharmProjects/PythonProject/.venv/lib/python3.11/site-packages/pandas/tests/apply/test_frame_apply.py:342: could not import 'numba': No module named 'numba'</skipped></testcase><testcase classname="tests.apply.test_frame_apply" name="test_apply_empty_infer_type[numba-1-False-identity-columns]" time="0.000"><skipped type="pytest.skip" message="could not import 'numba': No module named 'numba'">/Users/qian10102/PycharmProjects/PythonProject/.venv/lib/python3.11/site-packages/pandas/tests/apply/test_frame_apply.py:342: could not import 'numba': No module named 'numba'</skipped></testcase><testcase classname="tests.apply.test_frame_apply" name="test_apply_empty_infer_type[numba-1-False-mean-index]" time="0.000"><skipped type="pytest.skip" message="could not import 'numba': No module named 'numba'">/Users/qian10102/PycharmProjects/PythonProject/.venv/lib/python3.11/site-packages/pandas/tests/apply/test_frame_apply.py:342: could not import 'numba': No module named 'numba'</skipped></testcase><testcase classname="tests.apply.test_frame_apply" name="test_apply_empty_infer_type[numba-1-False-mean-columns]" time="0.000"><skipped type="pytest.skip" message="could not import 'numba': No module named 'numba'">/Users/qian10102/PycharmProjects/PythonProject/.venv/lib/python3.11/site-packages/pandas/tests/apply/test_frame_apply.py:342: could not import 'numba': No module named 'numba'</skipped></testcase><testcase classname="tests.apply.test_frame_apply" name="test_apply_empty_infer_type_broadcast" time="0.000" /><testcase classname="tests.apply.test_frame_apply" name="test_apply_with_args_kwds_add_some" time="0.001" /><testcase classname="tests.apply.test_frame_apply" name="test_apply_with_args_kwds_agg_and_add" time="0.000" /><testcase classname="tests.apply.test_frame_apply" name="test_apply_with_args_kwds_subtract_and_divide" time="0.001" /><testcase classname="tests.apply.test_frame_apply" name="test_apply_yield_list" time="0.000" /><testcase classname="tests.apply.test_frame_apply" name="test_apply_reduce_Series" time="0.001" /><testcase classname="tests.apply.test_frame_apply" name="test_apply_reduce_to_dict" time="0.000" /><testcase classname="tests.apply.test_frame_apply" name="test_apply_differently_indexed" time="0.016" /><testcase classname="tests.apply.test_frame_apply" name="test_apply_bug" time="0.001" /><testcase classname="tests.apply.test_frame_apply" name="test_apply_convert_objects" time="0.001" /><testcase classname="tests.apply.test_frame_apply" name="test_apply_attach_name" time="0.000" /><testcase classname="tests.apply.test_frame_apply" name="test_apply_attach_name_axis1" time="0.000" /><testcase classname="tests.apply.test_frame_apply" name="test_apply_attach_name_non_reduction" time="0.000" /><testcase classname="tests.apply.test_frame_apply" name="test_apply_attach_name_non_reduction_axis1" time="0.001" /><testcase classname="tests.apply.test_frame_apply" name="test_apply_multi_index" time="0.001" /><testcase classname="tests.apply.test_frame_apply" name="test_apply_dict[df0-dicts0]" time="0.001" /><testcase classname="tests.apply.test_frame_apply" name="test_apply_dict[df1-dicts1]" time="0.001" /><testcase classname="tests.apply.test_frame_apply" name="test_apply_non_numpy_dtype" time="0.001" /><testcase classname="tests.apply.test_frame_apply" name="test_apply_non_numpy_dtype_category" time="0.000" /><testcase classname="tests.apply.test_frame_apply" name="test_apply_dup_names_multi_agg" time="0.001" /><testcase classname="tests.apply.test_frame_apply" name="test_apply_nested_result_axis_1[apply]" time="0.000" /><testcase classname="tests.apply.test_frame_apply" name="test_apply_nested_result_axis_1[agg]" time="0.000" /><testcase classname="tests.apply.test_frame_apply" name="test_apply_noreduction_tzaware_object" time="0.000" /><testcase classname="tests.apply.test_frame_apply" name="test_apply_function_runs_once" time="0.000" /><testcase classname="tests.apply.test_frame_apply" name="test_apply_raw_function_runs_once[python]" time="0.000" /><testcase classname="tests.apply.test_frame_apply" name="test_apply_raw_function_runs_once[numba]" time="0.000"><skipped type="pytest.skip" message="could not import 'numba': No module named 'numba'">/Users/qian10102/PycharmProjects/PythonProject/.venv/lib/python3.11/site-packages/pandas/tests/apply/test_frame_apply.py:656: could not import 'numba': No module named 'numba'</skipped></testcase><testcase classname="tests.apply.test_frame_apply" name="test_apply_with_byte_string" time="0.000" /><testcase classname="tests.apply.test_frame_apply" name="test_apply_category_equalness[asd]" time="0.000" /><testcase classname="tests.apply.test_frame_apply" name="test_apply_category_equalness[12]" time="0.000" /><testcase classname="tests.apply.test_frame_apply" name="test_apply_category_equalness[None]" time="0.000" /><testcase classname="tests.apply.test_frame_apply" name="test_apply_category_equalness[nan]" time="0.000" /><testcase classname="tests.apply.test_frame_apply" name="test_infer_row_shape" time="0.009" /><testcase classname="tests.apply.test_frame_apply" name="test_dictlike_lambda[ops0-compat-expected0]" time="0.001" /><testcase classname="tests.apply.test_frame_apply" name="test_dictlike_lambda[ops1-False-expected1]" time="0.000" /><testcase classname="tests.apply.test_frame_apply" name="test_dictlike_lambda[ops2-compat-expected2]" time="0.000" /><testcase classname="tests.apply.test_frame_apply" name="test_dictlike_lambda[ops3-False-expected3]" time="0.000" /><testcase classname="tests.apply.test_frame_apply" name="test_dictlike_lambda[ops4-compat-expected4]" time="0.001" /><testcase classname="tests.apply.test_frame_apply" name="test_dictlike_lambda[ops5-False-expected5]" time="0.001" /><testcase classname="tests.apply.test_frame_apply" name="test_dictlike_lambda[ops6-compat-expected6]" time="0.000" /><testcase classname="tests.apply.test_frame_apply" name="test_dictlike_lambda[ops7-False-expected7]" time="0.000" /><testcase classname="tests.apply.test_frame_apply" name="test_dictlike_lambda_raises[ops0]" time="0.000" /><testcase classname="tests.apply.test_frame_apply" name="test_dictlike_lambda_raises[ops1]" time="0.000" /><testcase classname="tests.apply.test_frame_apply" name="test_dictlike_lambda_raises[ops2]" time="0.000" /><testcase classname="tests.apply.test_frame_apply" name="test_dictlike_lambda_raises[ops3]" time="0.000" /><testcase classname="tests.apply.test_frame_apply" name="test_with_dictlike_columns" time="0.001" /><testcase classname="tests.apply.test_frame_apply" name="test_with_dictlike_columns_with_datetime" time="0.001" /><testcase classname="tests.apply.test_frame_apply" name="test_with_dictlike_columns_with_infer" time="0.001" /><testcase classname="tests.apply.test_frame_apply" name="test_listlike_lambda[ops0-compat-expected0]" time="0.001" /><testcase classname="tests.apply.test_frame_apply" name="test_listlike_lambda[ops1-False-expected1]" time="0.001" /><testcase classname="tests.apply.test_frame_apply" name="test_listlike_lambda[ops2-compat-expected2]" time="0.000" /><testcase classname="tests.apply.test_frame_apply" name="test_listlike_lambda[ops3-False-expected3]" time="0.000" /><testcase classname="tests.apply.test_frame_apply" name="test_listlike_lambda[ops4-compat-expected4]" time="0.001" /><testcase classname="tests.apply.test_frame_apply" name="test_listlike_lambda[ops5-False-expected5]" time="0.001" /><testcase classname="tests.apply.test_frame_apply" name="test_listlike_lambda[ops6-compat-expected6]" time="0.001" /><testcase classname="tests.apply.test_frame_apply" name="test_listlike_lambda[ops7-False-expected7]" time="0.000" /><testcase classname="tests.apply.test_frame_apply" name="test_listlike_lambda_raises[ops0]" time="0.000" /><testcase classname="tests.apply.test_frame_apply" name="test_listlike_lambda_raises[ops1]" time="0.000" /><testcase classname="tests.apply.test_frame_apply" name="test_listlike_lambda_raises[ops2]" time="0.000" /><testcase classname="tests.apply.test_frame_apply" name="test_listlike_lambda_raises[ops3]" time="0.000" /><testcase classname="tests.apply.test_frame_apply" name="test_with_listlike_columns" time="0.001" /><testcase classname="tests.apply.test_frame_apply" name="test_with_listlike_columns_returning_list" time="0.001" /><testcase classname="tests.apply.test_frame_apply" name="test_infer_output_shape_columns" time="0.000" /><testcase classname="tests.apply.test_frame_apply" name="test_infer_output_shape_listlike_columns" time="0.001" /><testcase classname="tests.apply.test_frame_apply" name="test_infer_output_shape_listlike_columns_np_func[1]" time="0.000" /><testcase classname="tests.apply.test_frame_apply" name="test_infer_output_shape_listlike_columns_np_func[2]" time="0.000" /><testcase classname="tests.apply.test_frame_apply" name="test_infer_output_shape_listlike_columns_with_timestamp" time="0.001" /><testcase classname="tests.apply.test_frame_apply" name="test_consistent_coerce_for_shapes[lst0]" time="0.000" /><testcase classname="tests.apply.test_frame_apply" name="test_consistent_coerce_for_shapes[lst1]" time="0.000" /><testcase classname="tests.apply.test_frame_apply" name="test_consistent_names" time="0.001" /><testcase classname="tests.apply.test_frame_apply" name="test_result_type" time="0.000" /><testcase classname="tests.apply.test_frame_apply" name="test_result_type_shorter_list" time="0.000" /><testcase classname="tests.apply.test_frame_apply" name="test_result_type_broadcast[python]" time="0.000" /><testcase classname="tests.apply.test_frame_apply" name="test_result_type_broadcast[numba]" time="0.000"><skipped type="pytest.skip" message="could not import 'numba': No module named 'numba'">/Users/qian10102/PycharmProjects/PythonProject/.venv/lib/python3.11/site-packages/pandas/tests/apply/test_frame_apply.py:1010: could not import 'numba': No module named 'numba'</skipped></testcase><testcase classname="tests.apply.test_frame_apply" name="test_result_type_broadcast_series_func[python]" time="0.001" /><testcase classname="tests.apply.test_frame_apply" name="test_result_type_broadcast_series_func[numba]" time="0.000"><skipped type="pytest.skip" message="could not import 'numba': No module named 'numba'">/Users/qian10102/PycharmProjects/PythonProject/.venv/lib/python3.11/site-packages/pandas/tests/apply/test_frame_apply.py:1025: could not import 'numba': No module named 'numba'</skipped></testcase><testcase classname="tests.apply.test_frame_apply" name="test_result_type_series_result[python]" time="0.001" /><testcase classname="tests.apply.test_frame_apply" name="test_result_type_series_result[numba]" time="0.000"><skipped type="pytest.skip" message="could not import 'numba': No module named 'numba'">/Users/qian10102/PycharmProjects/PythonProject/.venv/lib/python3.11/site-packages/pandas/tests/apply/test_frame_apply.py:1045: could not import 'numba': No module named 'numba'</skipped></testcase><testcase classname="tests.apply.test_frame_apply" name="test_result_type_series_result_other_index[python]" time="0.001" /><testcase classname="tests.apply.test_frame_apply" name="test_result_type_series_result_other_index[numba]" time="0.000"><skipped type="pytest.skip" message="could not import 'numba': No module named 'numba'">/Users/qian10102/PycharmProjects/PythonProject/.venv/lib/python3.11/site-packages/pandas/tests/apply/test_frame_apply.py:1060: could not import 'numba': No module named 'numba'</skipped></testcase><testcase classname="tests.apply.test_frame_apply" name="test_consistency_for_boxed[list]" time="0.001" /><testcase classname="tests.apply.test_frame_apply" name="test_consistency_for_boxed[tuple]" time="0.001" /><testcase classname="tests.apply.test_frame_apply" name="test_consistency_for_boxed[array]" time="0.001" /><testcase classname="tests.apply.test_frame_apply" name="test_agg_transform[axis=0]" time="0.003" /><testcase classname="tests.apply.test_frame_apply" name="test_agg_transform[axis=1]" time="0.011" /><testcase classname="tests.apply.test_frame_apply" name="test_agg_transform[axis='index']" time="0.003" /><testcase classname="tests.apply.test_frame_apply" name="test_agg_transform[axis='columns']" time="0.010" /><testcase classname="tests.apply.test_frame_apply" name="test_demo" time="0.001" /><testcase classname="tests.apply.test_frame_apply" name="test_demo_dict_agg" time="0.001" /><testcase classname="tests.apply.test_frame_apply" name="test_agg_with_name_as_column_name" time="0.000" /><testcase classname="tests.apply.test_frame_apply" name="test_agg_multiple_mixed" time="0.002" /><testcase classname="tests.apply.test_frame_apply" name="test_agg_multiple_mixed_raises" time="0.001" /><testcase classname="tests.apply.test_frame_apply" name="test_agg_reduce[axis=0]" time="0.003" /><testcase classname="tests.apply.test_frame_apply" name="test_agg_reduce[axis=1]" time="0.007" /><testcase classname="tests.apply.test_frame_apply" name="test_agg_reduce[axis='index']" time="0.003" /><testcase classname="tests.apply.test_frame_apply" name="test_agg_reduce[axis='columns']" time="0.007" /><testcase classname="tests.apply.test_frame_apply" name="test_nuiscance_columns" time="0.002" /><testcase classname="tests.apply.test_frame_apply" name="test_non_callable_aggregates[agg]" time="0.002" /><testcase classname="tests.apply.test_frame_apply" name="test_non_callable_aggregates[apply]" time="0.002" /><testcase classname="tests.apply.test_frame_apply" name="test_size_as_str[axis=0-agg]" time="0.000" /><testcase classname="tests.apply.test_frame_apply" name="test_size_as_str[axis=0-apply]" time="0.000" /><testcase classname="tests.apply.test_frame_apply" name="test_size_as_str[axis=1-agg]" time="0.000" /><testcase classname="tests.apply.test_frame_apply" name="test_size_as_str[axis=1-apply]" time="0.000" /><testcase classname="tests.apply.test_frame_apply" name="test_size_as_str[axis='index'-agg]" time="0.000" /><testcase classname="tests.apply.test_frame_apply" name="test_size_as_str[axis='index'-apply]" time="0.000" /><testcase classname="tests.apply.test_frame_apply" name="test_size_as_str[axis='columns'-agg]" time="0.000" /><testcase classname="tests.apply.test_frame_apply" name="test_size_as_str[axis='columns'-apply]" time="0.000" /><testcase classname="tests.apply.test_frame_apply" name="test_agg_listlike_result" time="0.001" /><testcase classname="tests.apply.test_frame_apply" name="test_agg_args_kwargs[args0-kwargs0-0]" time="0.000" /><testcase classname="tests.apply.test_frame_apply" name="test_agg_args_kwargs[args0-kwargs0-1]" time="0.000" /><testcase classname="tests.apply.test_frame_apply" name="test_agg_args_kwargs[args1-kwargs1-0]" time="0.000" /><testcase classname="tests.apply.test_frame_apply" name="test_agg_args_kwargs[args1-kwargs1-1]" time="0.000" /><testcase classname="tests.apply.test_frame_apply" name="test_agg_args_kwargs[args2-kwargs2-0]" time="0.000" /><testcase classname="tests.apply.test_frame_apply" name="test_agg_args_kwargs[args2-kwargs2-1]" time="0.000" /><testcase classname="tests.apply.test_frame_apply" name="test_agg_args_kwargs[args3-kwargs3-0]" time="0.000" /><testcase classname="tests.apply.test_frame_apply" name="test_agg_args_kwargs[args3-kwargs3-1]" time="0.000" /><testcase classname="tests.apply.test_frame_apply" name="test_agg_args_kwargs[args4-kwargs4-0]" time="0.000" /><testcase classname="tests.apply.test_frame_apply" name="test_agg_args_kwargs[args4-kwargs4-1]" time="0.000" /><testcase classname="tests.apply.test_frame_apply" name="test_agg_args_kwargs[args5-kwargs5-0]" time="0.000" /><testcase classname="tests.apply.test_frame_apply" name="test_agg_args_kwargs[args5-kwargs5-1]" time="0.000" /><testcase classname="tests.apply.test_frame_apply" name="test_agg_args_kwargs[args6-kwargs6-0]" time="0.000" /><testcase classname="tests.apply.test_frame_apply" name="test_agg_args_kwargs[args6-kwargs6-1]" time="0.000" /><testcase classname="tests.apply.test_frame_apply" name="test_frequency_is_original[python-2]" time="0.000" /><testcase classname="tests.apply.test_frame_apply" name="test_frequency_is_original[python-3]" time="0.000" /><testcase classname="tests.apply.test_frame_apply" name="test_frequency_is_original[python-5]" time="0.000" /><testcase classname="tests.apply.test_frame_apply" name="test_frequency_is_original[numba-2]" time="0.000"><skipped type="pytest.skip" message="could not import 'numba': No module named 'numba'">/Users/qian10102/PycharmProjects/PythonProject/.venv/lib/python3.11/site-packages/pandas/tests/apply/test_frame_apply.py:1431: could not import 'numba': No module named 'numba'</skipped></testcase><testcase classname="tests.apply.test_frame_apply" name="test_frequency_is_original[numba-3]" time="0.000"><skipped type="pytest.skip" message="could not import 'numba': No module named 'numba'">/Users/qian10102/PycharmProjects/PythonProject/.venv/lib/python3.11/site-packages/pandas/tests/apply/test_frame_apply.py:1431: could not import 'numba': No module named 'numba'</skipped></testcase><testcase classname="tests.apply.test_frame_apply" name="test_frequency_is_original[numba-5]" time="0.000"><skipped type="pytest.skip" message="could not import 'numba': No module named 'numba'">/Users/qian10102/PycharmProjects/PythonProject/.venv/lib/python3.11/site-packages/pandas/tests/apply/test_frame_apply.py:1431: could not import 'numba': No module named 'numba'</skipped></testcase><testcase classname="tests.apply.test_frame_apply" name="test_apply_datetime_tz_issue[python]" time="0.000" /><testcase classname="tests.apply.test_frame_apply" name="test_apply_datetime_tz_issue[numba]" time="0.000"><skipped type="pytest.skip" message="could not import 'numba': No module named 'numba'">/Users/qian10102/PycharmProjects/PythonProject/.venv/lib/python3.11/site-packages/pandas/tests/apply/test_frame_apply.py:1444: could not import 'numba': No module named 'numba'</skipped></testcase><testcase classname="tests.apply.test_frame_apply" name="test_mixed_column_raises[min-df0]" time="0.000" /><testcase classname="tests.apply.test_frame_apply" name="test_mixed_column_raises[max-df0]" time="0.000" /><testcase classname="tests.apply.test_frame_apply" name="test_mixed_column_raises[sum-df0]" time="0.000" /><testcase classname="tests.apply.test_frame_apply" name="test_apply_dtype[1]" time="0.000" /><testcase classname="tests.apply.test_frame_apply" name="test_apply_dtype[1.0]" time="0.000" /><testcase classname="tests.apply.test_frame_apply" name="test_apply_dtype[True]" time="0.000" /><testcase classname="tests.apply.test_frame_apply" name="test_apply_dtype[a]" time="0.000" /><testcase classname="tests.apply.test_frame_apply" name="test_apply_dtype[nan]" time="0.000" /><testcase classname="tests.apply.test_frame_apply" name="test_apply_mutating" time="0.003" /><testcase classname="tests.apply.test_frame_apply" name="test_apply_empty_list_reduce" time="0.000" /><testcase classname="tests.apply.test_frame_apply" name="test_apply_no_suffix_index[python]" time="0.001" /><testcase classname="tests.apply.test_frame_apply" name="test_apply_no_suffix_index[numba]" time="0.000"><skipped type="pytest.skip" message="could not import 'numba': No module named 'numba'">/Users/qian10102/PycharmProjects/PythonProject/.venv/lib/python3.11/site-packages/pandas/tests/apply/test_frame_apply.py:1526: could not import 'numba': No module named 'numba'</skipped></testcase><testcase classname="tests.apply.test_frame_apply" name="test_apply_raw_returns_string[python]" time="0.000" /><testcase classname="tests.apply.test_frame_apply" name="test_apply_raw_returns_string[numba]" time="0.000"><skipped type="pytest.skip" message="could not import 'numba': No module named 'numba'">/Users/qian10102/PycharmProjects/PythonProject/.venv/lib/python3.11/site-packages/pandas/tests/apply/test_frame_apply.py:1542: could not import 'numba': No module named 'numba'</skipped></testcase><testcase classname="tests.apply.test_frame_apply" name="test_aggregation_func_column_order" time="0.001" /><testcase classname="tests.apply.test_frame_apply" name="test_apply_getitem_axis_1[python]" time="0.000" /><testcase classname="tests.apply.test_frame_apply" name="test_apply_getitem_axis_1[numba]" time="0.000"><skipped type="pytest.skip" message="could not import 'numba': No module named 'numba'">/Users/qian10102/PycharmProjects/PythonProject/.venv/lib/python3.11/site-packages/pandas/tests/apply/test_frame_apply.py:1583: could not import 'numba': No module named 'numba'</skipped></testcase><testcase classname="tests.apply.test_frame_apply" name="test_nuisance_depr_passes_through_warnings" time="0.000" /><testcase classname="tests.apply.test_frame_apply" name="test_apply_type" time="0.000" /><testcase classname="tests.apply.test_frame_apply" name="test_apply_on_empty_dataframe[python]" time="0.000" /><testcase classname="tests.apply.test_frame_apply" name="test_apply_on_empty_dataframe[numba]" time="0.000"><skipped type="pytest.skip" message="could not import 'numba': No module named 'numba'">/Users/qian10102/PycharmProjects/PythonProject/.venv/lib/python3.11/site-packages/pandas/tests/apply/test_frame_apply.py:1633: could not import 'numba': No module named 'numba'</skipped></testcase><testcase classname="tests.apply.test_frame_apply" name="test_apply_return_list" time="0.000" /><testcase classname="tests.apply.test_frame_apply" name="test_unique_agg_type_is_series[test0-constant0]" time="0.000" /><testcase classname="tests.apply.test_frame_apply" name="test_unique_agg_type_is_series[test1-constant1]" time="0.000" /><testcase classname="tests.apply.test_frame_apply" name="test_any_apply_keyword_non_zero_axis_regression" time="0.001" /><testcase classname="tests.apply.test_frame_apply" name="test_agg_mapping_func_deprecated" time="0.001" /><testcase classname="tests.apply.test_frame_apply" name="test_agg_std" time="0.001" /><testcase classname="tests.apply.test_frame_apply" name="test_agg_dist_like_and_nonunique_columns" time="0.001" /><testcase classname="tests.apply.test_frame_apply_relabeling" name="test_agg_relabel" time="0.002" /><testcase classname="tests.apply.test_frame_apply_relabeling" name="test_agg_relabel_multi_columns_multi_methods" time="0.002" /><testcase time="0.000" /></testsuite></testsuites>